make all --print-data-base --no-builtin-variables --no-builtin-rules --question
make: *** No rule to make target 'all'.  Stop.
 
# GNU Make 4.3
# Built for x86_64-pc-linux-gnu
# Copyright (C) 1988-2020 Free Software Foundation, Inc.
# License GPLv3+: GNU GPL version 3 or later <http://gnu.org/licenses/gpl.html>
# This is free software: you are free to change and redistribute it.
# There is NO WARRANTY, to the extent permitted by law.

# Make data base, printed on Tue Mar 15 05:36:43 2022

# Variables

# environment
GDK_BACKEND = x11
# environment
LC_ALL = C
# environment
NO_AT_BRIDGE = 1
# environment
NIX_USER_PROFILE_DIR = /nix/var/nix/profiles/per-user/tei
# environment
NIXPKGS_CONFIG = /etc/nix/nixpkgs-config.nix
# environment
XDG_DESKTOP_PORTAL_DIR = /nix/store/mkbb36njzz2cx5bx4ryc5j3sr890f63c-xdg-portals/share/xdg-desktop-portal/portals
# environment
VSCODE_IPC_HOOK_EXTHOST = /run/user/1000/vscode-ipc-bc64539d-6597-4202-b577-5bb0a3ef6f3c.sock
# environment
QT_PLUGIN_PATH = /home/tei/.local/share/flatpak/exports/lib/qt4/plugins:/home/tei/.local/share/flatpak/exports/lib/kde4/plugins:/var/lib/flatpak/exports/lib/qt4/plugins:/var/lib/flatpak/exports/lib/kde4/plugins:/home/tei/.nix-profile/lib/qt4/plugins:/home/tei/.nix-profile/lib/kde4/plugins:/etc/profiles/per-user/tei/lib/qt4/plugins:/etc/profiles/per-user/tei/lib/kde4/plugins:/nix/var/nix/profiles/default/lib/qt4/plugins:/nix/var/nix/profiles/default/lib/kde4/plugins:/run/current-system/sw/lib/qt4/plugins:/run/current-system/sw/lib/kde4/plugins
# environment
VSCODE_CWD = /home/tei
# environment
WINDOWPATH = 2
# environment
GDM_LANG = en_US.UTF-8
# default
MAKE_COMMAND := make
# automatic
@D = $(patsubst %/,%,$(dir $@))
# environment
LOCALE_ARCHIVE = /run/current-system/sw/lib/locale/locale-archive
# environment
VSCODE_HANDLES_UNCAUGHT_ERRORS = true
# default
.VARIABLES := 
# environment
PWD = /home/tei/projects/LearnOpenGL
# automatic
%D = $(patsubst %/,%,$(dir $%))
# environment
GI_TYPELIB_PATH = /nix/store/bsc3xi2hrhrkd40vyfb078kx60jsbldx-gtk+3-3.24.27/lib/girepository-1.0:/nix/store/iigwdd859z267pbkwd00v6nd8v3gkdzw-librsvg-2.50.5/lib/girepository-1.0:/nix/store/qigg83xjzzz02ayhc1psgmmg4av224kw-libsecret-0.20.4/lib/girepository-1.0:/nix/store/klbfc76skpzs7z807kjppqlvkxsc0w34-harfbuzz-2.8.0/lib/girepository-1.0:/nix/store/50lk34fa56hxd4rba45w6l60wi414bp4-pango-1.48.4/lib/girepository-1.0:/nix/store/fa80qlzkam4ixcxdswwr2dwalz4x5w9m-gdk-pixbuf-2.42.6/lib/girepository-1.0:/nix/store/9c8azvhdwhcj7d0h0ag38bjwvyjiwwsh-atk-2.36.0/lib/girepository-1.0:/nix/store/fbqsnbd53bkmw4vsyy5q3zyambwkkkjy-gtk+-2.24.32/lib/girepository-1.0:/nix/store/i5jfdj3bjwms7a2niqqpdg578l3zszph-gsettings-desktop-schemas-40.0/lib/girepository-1.0:/nix/store/7fcgydbafvvawfgxv7kabh89scw4zq6w-gobject-introspection-1.68.0/lib/girepository-1.0:/nix/store/p41r6abdkn55nkbb32bws2s5ihhmalj0-libgnome-keyring-3.12.0/lib/girepository-1.0:/nix/store/nj6w3wbvd1xcx84dqy4k1y1v230aw4nf-libnotify-0.7.9/lib/girepository-1.0:/nix/store/p76dp20zp6gyw8xckl0fxyf0p8aidny8-at-spi2-core-2.40.1/lib/girepository-1.0:/nix/store/p59qmw6ah5zdb268al4wqf77zfy3z66z-libdbusmenu-glib-16.04.0/lib/girepository-1.0
# environment
XDG_DATA_DIRS = /nix/store/8gafm6n06d7xhdbpz2ma3l3vv2djjdsc-vscode-1.60.2/share:/nix/store/bsc3xi2hrhrkd40vyfb078kx60jsbldx-gtk+3-3.24.27/share/gsettings-schemas/gtk+3-3.24.27:/nix/store/i5jfdj3bjwms7a2niqqpdg578l3zszph-gsettings-desktop-schemas-40.0/share/gsettings-schemas/gsettings-desktop-schemas-40.0:/nix/store/8kd8w81gwn25h1zjzqq5qwiqjz58841a-hicolor-icon-theme-0.17/share:/nix/store/1frx9ngnr77inkjzkjgsazvc23ci44q2-rofi-1.6.1/share:/nix/store/bsc3xi2hrhrkd40vyfb078kx60jsbldx-gtk+3-3.24.27/share/gsettings-schemas/gtk+3-3.24.27:/nix/store/xpbark26avbrgx7wb9nn47mml3syl5r1-desktops/share:/home/tei/.local/share/flatpak/exports/share:/var/lib/flatpak/exports/share:/home/tei/.nix-profile/share:/etc/profiles/per-user/tei/share:/nix/var/nix/profiles/default/share:/run/current-system/sw/share
# environment
OLDPWD = /home/tei
# automatic
^D = $(patsubst %/,%,$(dir $^))
# environment
VSCODE_LOG_STACK = false
# automatic
%F = $(notdir $%)
# environment
VSCODE_CODE_CACHE_PATH = /home/tei/.config/Code/CachedData/7f6ab5485bbc008386c4386d08766667e155244e
# environment
SSH_ASKPASS = /nix/store/znw85gjgp4147m43ra3cx3s45g7dai68-x11-ssh-askpass-1.2.4.1/libexec/x11-ssh-askpass
# environment
LANG = C
# environment
GDM_X_SERVER_EXTRA_ARGS = -config /nix/store/9krkjd30cg24f83iq2jxx54m7imsiwpp-xserver.conf -xkbdir /nix/store/k91aski44v5ab6j3nrylv80100k0vir3-xkeyboard-config-2.31/etc/X11/xkb -logfile /dev/null -nolisten tcp
# environment
XAUTHORITY = /run/user/1000/gdm/Xauthority
# default
.LOADED := 
# default
.INCLUDE_DIRS = /nix/store/wfzdk9vxayfnw7fqy05s7mmypg5a8lyr-gnumake-4.3/include
# makefile
MAKEFLAGS = pqrR
# environment
LIBEXEC_PATH = /home/tei/.local/share/flatpak/exports/lib/libexec:/var/lib/flatpak/exports/lib/libexec:/home/tei/.nix-profile/lib/libexec:/etc/profiles/per-user/tei/lib/libexec:/nix/var/nix/profiles/default/lib/libexec:/run/current-system/sw/lib/libexec
# makefile
CURDIR := /home/tei/projects/LearnOpenGL
# environment
VSCODE_PIPE_LOGGING = true
# environment
APPLICATION_INSIGHTS_NO_DIAGNOSTIC_CHANNEL = true
# automatic
*D = $(patsubst %/,%,$(dir $*))
# environment
MFLAGS = -pqrR
# default
.SHELLFLAGS := -c
# environment
XMONAD_XMESSAGE = /nix/store/07r78a6m5csi142djaph832wl32j6l7b-xmessage-1.0.5/bin/xmessage
# environment
XDG_CONFIG_DIRS = /etc/xdg:/home/tei/.local/share/flatpak/exports/etc/xdg:/var/lib/flatpak/exports/etc/xdg:/home/tei/.nix-profile/etc/xdg:/etc/profiles/per-user/tei/etc/xdg:/nix/var/nix/profiles/default/etc/xdg:/run/current-system/sw/etc/xdg
# automatic
+D = $(patsubst %/,%,$(dir $+))
# environment
VSCODE_CRASH_REPORTER_START_OPTIONS = {"companyName":"Microsoft","productName":"VSCode","submitURL":"appcenter://code?aid=fba07a4d-84bd-4fc8-a125-9640fc8ce171&uid=1a14f99a-1038-4bf6-9c61-f67e299a22ed&iid=1a14f99a-1038-4bf6-9c61-f67e299a22ed&sid=1a14f99a-1038-4bf6-9c61-f67e299a22ed","uploadToServer":true}
# environment
XDG_SESSION_DESKTOP = none+xmonad
# makefile
MAKEFILE_LIST := 
# automatic
@F = $(notdir $@)
# environment
VSCODE_VERBOSE_LOGGING = true
# environment
VSCODE_PID = 980315
# environment
XDG_SESSION_TYPE = x11
# automatic
?D = $(patsubst %/,%,$(dir $?))
# automatic
*F = $(notdir $*)
# environment
CHROME_DESKTOP = code-url-handler.desktop
# environment
DBUS_SESSION_BUS_ADDRESS = unix:path=/run/user/1000/bus
# automatic
<D = $(patsubst %/,%,$(dir $<))
# environment
VSCODE_NLS_CONFIG = {"locale":"en-us","availableLanguages":{},"_languagePackSupport":true}
# environment
CUPS_DATADIR = /nix/store/4z2mx0dq6j89bvlrx3gbnz22y4fc7gy3-cups-progs/share/cups
# environment
QTWEBKIT_PLUGIN_PATH = /home/tei/.local/share/flatpak/exports/lib/mozilla/plugins/:/var/lib/flatpak/exports/lib/mozilla/plugins/:/home/tei/.nix-profile/lib/mozilla/plugins/:/etc/profiles/per-user/tei/lib/mozilla/plugins/:/nix/var/nix/profiles/default/lib/mozilla/plugins/:/run/current-system/sw/lib/mozilla/plugins/
# environment
BREAKPAD_DUMP_LOCATION = /home/tei/.config/Code/exthost Crash Reports
# default
MAKE_HOST := x86_64-pc-linux-gnu
# environment
GTK_PATH = /home/tei/.local/share/flatpak/exports/lib/gtk-2.0:/home/tei/.local/share/flatpak/exports/lib/gtk-3.0:/var/lib/flatpak/exports/lib/gtk-2.0:/var/lib/flatpak/exports/lib/gtk-3.0:/home/tei/.nix-profile/lib/gtk-2.0:/home/tei/.nix-profile/lib/gtk-3.0:/etc/profiles/per-user/tei/lib/gtk-2.0:/etc/profiles/per-user/tei/lib/gtk-3.0:/nix/var/nix/profiles/default/lib/gtk-2.0:/nix/var/nix/profiles/default/lib/gtk-3.0:/run/current-system/sw/lib/gtk-2.0:/run/current-system/sw/lib/gtk-3.0
# environment
INFOPATH = /home/tei/.local/share/flatpak/exports/info:/home/tei/.local/share/flatpak/exports/share/info:/var/lib/flatpak/exports/info:/var/lib/flatpak/exports/share/info:/home/tei/.nix-profile/info:/home/tei/.nix-profile/share/info:/etc/profiles/per-user/tei/info:/etc/profiles/per-user/tei/share/info:/nix/var/nix/profiles/default/info:/nix/var/nix/profiles/default/share/info:/run/current-system/sw/info:/run/current-system/sw/share/info
# makefile
SHELL = /bin/sh
# default
MAKECMDGOALS := all
# environment
PHANTOMJS_PLATFORM = linux
# environment
SHLVL = 4
# environment
__NIXOS_SET_ENVIRONMENT_DONE = 1
# environment
MAKELEVEL := 0
# default
MAKE = $(MAKE_COMMAND)
# environment
PATH = /nix/store/j77gd73psb8dchgwcyk3i2flncqbgimk-glib-2.68.4-bin/bin:/run/wrappers/bin:/home/tei/.local/share/flatpak/exports/bin:/var/lib/flatpak/exports/bin:/home/tei/.nix-profile/bin:/etc/profiles/per-user/tei/bin:/nix/var/nix/profiles/default/bin:/run/current-system/sw/bin
# environment
XCURSOR_PATH = /home/tei/.icons:/home/tei/.local/share/icons:/home/tei/.local/share/flatpak/exports/share/icons:/home/tei/.local/share/flatpak/exports/share/pixmaps:/var/lib/flatpak/exports/share/icons:/var/lib/flatpak/exports/share/pixmaps:/home/tei/.nix-profile/share/icons:/home/tei/.nix-profile/share/pixmaps:/etc/profiles/per-user/tei/share/icons:/etc/profiles/per-user/tei/share/pixmaps:/nix/var/nix/profiles/default/share/icons:/nix/var/nix/profiles/default/share/pixmaps:/run/current-system/sw/share/icons:/run/current-system/sw/share/pixmaps
# default
MAKEFILES := 
# automatic
^F = $(notdir $^)
# environment
NIX_GHC = /nix/store/yl69xr3s2xqi2ka5w605appfpifndnir-ghc-8.10.4-with-packages/bin/ghc
# environment
VSCODE_LOG_NATIVE = false
# environment
USERNAME = tei
# automatic
?F = $(notdir $?)
# environment
XDG_SEAT = seat0
# environment
KDEDIRS = /home/tei/.local/share/flatpak/exports:/var/lib/flatpak/exports:/home/tei/.nix-profile:/etc/profiles/per-user/tei:/nix/var/nix/profiles/default:/run/current-system/sw
# environment
XDG_CURRENT_DESKTOP = none+xmonad
# environment
__ETC_PROFILE_DONE = 1
# automatic
+F = $(notdir $+)
# environment
DESKTOP_SESSION = none+xmonad
# environment
ORIGINAL_XDG_CURRENT_DESKTOP = none+xmonad
# 'override' directive
GNUMAKEFLAGS := 
# environment
GIO_EXTRA_MODULES = /nix/store/4qfkkgkc9d6rspidgbxzbn27czz0xix8-gconf-3.2.6/lib/gio/modules:/nix/store/216dss95nnivphn0rhjyf1vgb8fm1ax2-dconf-0.40.0-lib/lib/gio/modules:/nix/store/4qfkkgkc9d6rspidgbxzbn27czz0xix8-gconf-3.2.6/lib/gio/modules:/nix/store/216dss95nnivphn0rhjyf1vgb8fm1ax2-dconf-0.40.0-lib/lib/gio/modules:/nix/store/216dss95nnivphn0rhjyf1vgb8fm1ax2-dconf-0.40.0-lib/lib/gio/modules:/nix/store/216dss95nnivphn0rhjyf1vgb8fm1ax2-dconf-0.40.0-lib/lib/gio/modules
# environment
LOGNAME = tei
# environment
XDG_VTNR = 2
# makefile
.DEFAULT_GOAL := 
# environment
EDITOR = nano
# environment
DISPLAY = :0
# environment
USER = tei
# default
MAKE_VERSION := 4.3
# environment
NIX_PROFILES = /run/current-system/sw /nix/var/nix/profiles/default /etc/profiles/per-user/tei /home/tei/.nix-profile /var/lib/flatpak/exports /home/tei/.local/share/flatpak/exports
# environment
PAGER = less -R
# environment
_ = /run/current-system/sw/bin/make
# environment
MOZ_PLUGIN_PATH = /home/tei/.local/share/flatpak/exports/lib/mozilla/plugins:/var/lib/flatpak/exports/lib/mozilla/plugins:/home/tei/.nix-profile/lib/mozilla/plugins:/etc/profiles/per-user/tei/lib/mozilla/plugins:/nix/var/nix/profiles/default/lib/mozilla/plugins:/run/current-system/sw/lib/mozilla/plugins
# environment
XDG_RUNTIME_DIR = /run/user/1000
# environment
GDK_PIXBUF_MODULE_FILE = /nix/store/iigwdd859z267pbkwd00v6nd8v3gkdzw-librsvg-2.50.5/lib/gdk-pixbuf-2.0/2.10.0/loaders.cache
# environment
TERMINFO_DIRS = /home/tei/.local/share/flatpak/exports/share/terminfo:/var/lib/flatpak/exports/share/terminfo:/home/tei/.nix-profile/share/terminfo:/etc/profiles/per-user/tei/share/terminfo:/nix/var/nix/profiles/default/share/terminfo:/run/current-system/sw/share/terminfo
# environment
XDG_SESSION_CLASS = user
# environment
VSCODE_AMD_ENTRYPOINT = vs/workbench/services/extensions/node/extensionHostProcess
# environment
HOME = /home/tei
# environment
ELECTRON_RUN_AS_NODE = 1
# environment
TERM = dumb
# environment
VSCODE_IPC_HOOK = /run/user/1000/vscode-e66dd182-1.60.2-main.sock
# environment
XDG_SESSION_ID = 4
# environment
TZDIR = /etc/zoneinfo
# default
.RECIPEPREFIX := 
# automatic
<F = $(notdir $<)
# environment
NIX_PATH = nixpkgs=/nix/var/nix/profiles/per-user/root/channels/nixos:nixos-config=/etc/nixos/configuration.nix:/nix/var/nix/profiles/per-user/root/channels
# default
SUFFIXES := 
# environment
VSCODE_CLI = 1
# environment
ELECTRON_NO_ATTACH_CONSOLE = 1
# default
.FEATURES := target-specific order-only second-expansion else-if shortest-stem undefine oneshell nocomment grouped-target extra-prereqs archives jobserver output-sync check-symlink load
# environment
PHANTOMJS_ARCH = x64
# environment
GDMSESSION = none+xmonad
# variable set hash-table stats:
# Load=116/1024=11%, Rehash=0, Collisions=7/139=5%

# Pattern-specific Variable Values

# No pattern-specific variable values.

# Directories

# . (device 43, inode 3166986): 22 files, no impossibilities.

# 22 files, no impossibilities in 1 directories.

# Implicit Rules

# No implicit rules.

# Files

# Not a target:
Makefile:
#  Implicit rule search has been done.
#  File does not exist.
#  File has been updated.
 
#  Failed to be updated.

# Not a target:
.DEFAULT:
#  Implicit rule search has not been done.
#  Modification time never checked.
#  File has not been updated.

# Not a target:
all:
#  Command line target.
#  Implicit rule search has been done.
#  File does not exist.
#  File has not been updated.

# Not a target:
makefile:
#  Implicit rule search has been done.
#  File does not exist.
#  File has been updated.
#  Failed to be updated.

# Not a target:
GNUmakefile:
#  Implicit rule search has been done.
#  File does not exist.
#  File has been updated.
#  Failed to be updated.

# files hash-table stats:
# Load=6/1024=1%, Rehash=0, Collisions=0/15=0%
# VPATH Search Paths

# No 'vpath' search paths.

# No general ('VPATH' variable) search path.

# strcache buffers: 1 (0) / strings = 29 / storage = 301 B / avg = 10 B
# current buf: size = 8162 B / used = 301 B / count = 29 / avg = 10 B

# strcache performance: lookups = 31 / hit rate = 6%
# hash-table stats:
# Load=29/8192=0%, Rehash=0, Collisions=0/31=0%
# Finished Make data base on Tue Mar 15 05:36:43 2022

 
